Analysis & Elaboration report for lab6
Sun Feb 17 19:33:16 2019
Quartus Prime Version 18.1.0 Build 625 09/12/2018 SJ Lite Edition


---------------------
; Table of Contents ;
---------------------
  1. Legal Notice
  2. Analysis & Elaboration Summary
  3. Parallel Compilation
  4. Parameter Settings for User Entity Instance: slc3:my_slc|tristate:tr0
  5. Parameter Settings for User Entity Instance: test_memory:my_test_memory
  6. Parameter Settings for User Entity Instance: test_memory:my_test_memory|memory_parser:parser
  7. Analysis & Elaboration Settings
  8. Port Connectivity Checks: "slc3:my_slc|ISDU:state_controller"
  9. Port Connectivity Checks: "slc3:my_slc|Mem2IO:memory_subsystem"
 10. Analysis & Elaboration Messages
 11. Analysis & Elaboration Suppressed Messages



----------------
; Legal Notice ;
----------------
Copyright (C) 2018  Intel Corporation. All rights reserved.
Your use of Intel Corporation's design tools, logic functions 
and other software and tools, and its AMPP partner logic 
functions, and any output files from any of the foregoing 
(including device programming or simulation files), and any 
associated documentation or information are expressly subject 
to the terms and conditions of the Intel Program License 
Subscription Agreement, the Intel Quartus Prime License Agreement,
the Intel FPGA IP License Agreement, or other applicable license
agreement, including, without limitation, that your use is for
the sole purpose of programming logic devices manufactured by
Intel and sold by Intel or its authorized distributors.  Please
refer to the applicable agreement for further details.



+----------------------------------------------------------------------------------+
; Analysis & Elaboration Summary                                                   ;
+------------------------------------+---------------------------------------------+
; Analysis & Elaboration Status      ; Successful - Sun Feb 17 19:33:16 2019       ;
; Quartus Prime Version              ; 18.1.0 Build 625 09/12/2018 SJ Lite Edition ;
; Revision Name                      ; lab6                                        ;
; Top-level Entity Name              ; lab6_toplevel                               ;
; Family                             ; Cyclone IV E                                ;
; Total logic elements               ; N/A until Partition Merge                   ;
;     Total combinational functions  ; N/A until Partition Merge                   ;
;     Dedicated logic registers      ; N/A until Partition Merge                   ;
; Total registers                    ; N/A until Partition Merge                   ;
; Total pins                         ; N/A until Partition Merge                   ;
; Total virtual pins                 ; N/A until Partition Merge                   ;
; Total memory bits                  ; N/A until Partition Merge                   ;
; Embedded Multiplier 9-bit elements ; N/A until Partition Merge                   ;
; Total PLLs                         ; N/A until Partition Merge                   ;
+------------------------------------+---------------------------------------------+


+------------------------------------------+
; Parallel Compilation                     ;
+----------------------------+-------------+
; Processors                 ; Number      ;
+----------------------------+-------------+
; Number detected on machine ; 4           ;
; Maximum allowed            ; 4           ;
;                            ;             ;
; Average used               ; 1.00        ;
; Maximum used               ; 1           ;
;                            ;             ;
; Usage by Processor         ; % Time Used ;
;     Processor 1            ; 100.0%      ;
+----------------------------+-------------+


+-----------------------------------------------------------------------+
; Parameter Settings for User Entity Instance: slc3:my_slc|tristate:tr0 ;
+----------------+-------+----------------------------------------------+
; Parameter Name ; Value ; Type                                         ;
+----------------+-------+----------------------------------------------+
; N              ; 16    ; Signed Integer                               ;
+----------------+-------+----------------------------------------------+
Note: In order to hide this table in the UI and the text report file, please set the "Show Parameter Settings in Synthesis Report" option in "Analysis and Synthesis Settings -> More Settings" to "Off".


+-------------------------------------------------------------------------+
; Parameter Settings for User Entity Instance: test_memory:my_test_memory ;
+----------------+-------+------------------------------------------------+
; Parameter Name ; Value ; Type                                           ;
+----------------+-------+------------------------------------------------+
; size           ; 256   ; Signed Integer                                 ;
; init_external  ; 0     ; Signed Integer                                 ;
+----------------+-------+------------------------------------------------+
Note: In order to hide this table in the UI and the text report file, please set the "Show Parameter Settings in Synthesis Report" option in "Analysis and Synthesis Settings -> More Settings" to "Off".


+----------------------------------------------------------------------------------------------+
; Parameter Settings for User Entity Instance: test_memory:my_test_memory|memory_parser:parser ;
+----------------+-------+---------------------------------------------------------------------+
; Parameter Name ; Value ; Type                                                                ;
+----------------+-------+---------------------------------------------------------------------+
; size           ; 256   ; Signed Integer                                                      ;
+----------------+-------+---------------------------------------------------------------------+
Note: In order to hide this table in the UI and the text report file, please set the "Show Parameter Settings in Synthesis Report" option in "Analysis and Synthesis Settings -> More Settings" to "Off".


+------------------------------------------------------------------------------------------------------------+
; Analysis & Elaboration Settings                                                                            ;
+------------------------------------------------------------------+--------------------+--------------------+
; Option                                                           ; Setting            ; Default Value      ;
+------------------------------------------------------------------+--------------------+--------------------+
; Device                                                           ; EP4CE115F29C7      ;                    ;
; Top-level entity name                                            ; lab6_toplevel      ; lab6               ;
; Family name                                                      ; Cyclone IV E       ; Cyclone V          ;
; Use smart compilation                                            ; Off                ; Off                ;
; Enable parallel Assembler and Timing Analyzer during compilation ; On                 ; On                 ;
; Enable compact report table                                      ; Off                ; Off                ;
; Restructure Multiplexers                                         ; Auto               ; Auto               ;
; Create Debugging Nodes for IP Cores                              ; Off                ; Off                ;
; Preserve fewer node names                                        ; On                 ; On                 ;
; Intel FPGA IP Evaluation Mode                                    ; Enable             ; Enable             ;
; Verilog Version                                                  ; Verilog_2001       ; Verilog_2001       ;
; VHDL Version                                                     ; VHDL_1993          ; VHDL_1993          ;
; State Machine Processing                                         ; Auto               ; Auto               ;
; Safe State Machine                                               ; Off                ; Off                ;
; Extract Verilog State Machines                                   ; On                 ; On                 ;
; Extract VHDL State Machines                                      ; On                 ; On                 ;
; Ignore Verilog initial constructs                                ; Off                ; Off                ;
; Iteration limit for constant Verilog loops                       ; 5000               ; 5000               ;
; Iteration limit for non-constant Verilog loops                   ; 250                ; 250                ;
; Add Pass-Through Logic to Inferred RAMs                          ; On                 ; On                 ;
; Infer RAMs from Raw Logic                                        ; On                 ; On                 ;
; Parallel Synthesis                                               ; On                 ; On                 ;
; DSP Block Balancing                                              ; Auto               ; Auto               ;
; NOT Gate Push-Back                                               ; On                 ; On                 ;
; Power-Up Don't Care                                              ; On                 ; On                 ;
; Remove Redundant Logic Cells                                     ; Off                ; Off                ;
; Remove Duplicate Registers                                       ; On                 ; On                 ;
; Ignore CARRY Buffers                                             ; Off                ; Off                ;
; Ignore CASCADE Buffers                                           ; Off                ; Off                ;
; Ignore GLOBAL Buffers                                            ; Off                ; Off                ;
; Ignore ROW GLOBAL Buffers                                        ; Off                ; Off                ;
; Ignore LCELL Buffers                                             ; Off                ; Off                ;
; Ignore SOFT Buffers                                              ; On                 ; On                 ;
; Limit AHDL Integers to 32 Bits                                   ; Off                ; Off                ;
; Optimization Technique                                           ; Balanced           ; Balanced           ;
; Carry Chain Length                                               ; 70                 ; 70                 ;
; Auto Carry Chains                                                ; On                 ; On                 ;
; Auto Open-Drain Pins                                             ; On                 ; On                 ;
; Perform WYSIWYG Primitive Resynthesis                            ; Off                ; Off                ;
; Auto ROM Replacement                                             ; On                 ; On                 ;
; Auto RAM Replacement                                             ; On                 ; On                 ;
; Auto DSP Block Replacement                                       ; On                 ; On                 ;
; Auto Shift Register Replacement                                  ; Auto               ; Auto               ;
; Allow Shift Register Merging across Hierarchies                  ; Auto               ; Auto               ;
; Auto Clock Enable Replacement                                    ; On                 ; On                 ;
; Strict RAM Replacement                                           ; Off                ; Off                ;
; Allow Synchronous Control Signals                                ; On                 ; On                 ;
; Force Use of Synchronous Clear Signals                           ; Off                ; Off                ;
; Auto RAM Block Balancing                                         ; On                 ; On                 ;
; Auto RAM to Logic Cell Conversion                                ; Off                ; Off                ;
; Auto Resource Sharing                                            ; Off                ; Off                ;
; Allow Any RAM Size For Recognition                               ; Off                ; Off                ;
; Allow Any ROM Size For Recognition                               ; Off                ; Off                ;
; Allow Any Shift Register Size For Recognition                    ; Off                ; Off                ;
; Use LogicLock Constraints during Resource Balancing              ; On                 ; On                 ;
; Ignore translate_off and synthesis_off directives                ; Off                ; Off                ;
; Timing-Driven Synthesis                                          ; On                 ; On                 ;
; Report Parameter Settings                                        ; On                 ; On                 ;
; Report Source Assignments                                        ; On                 ; On                 ;
; Report Connectivity Checks                                       ; On                 ; On                 ;
; Ignore Maximum Fan-Out Assignments                               ; Off                ; Off                ;
; Synchronization Register Chain Length                            ; 2                  ; 2                  ;
; Power Optimization During Synthesis                              ; Normal compilation ; Normal compilation ;
; HDL message level                                                ; Level2             ; Level2             ;
; Suppress Register Optimization Related Messages                  ; Off                ; Off                ;
; Number of Removed Registers Reported in Synthesis Report         ; 5000               ; 5000               ;
; Number of Swept Nodes Reported in Synthesis Report               ; 5000               ; 5000               ;
; Number of Inverted Registers Reported in Synthesis Report        ; 100                ; 100                ;
; Clock MUX Protection                                             ; On                 ; On                 ;
; Auto Gated Clock Conversion                                      ; Off                ; Off                ;
; Block Design Naming                                              ; Auto               ; Auto               ;
; SDC constraint protection                                        ; Off                ; Off                ;
; Synthesis Effort                                                 ; Auto               ; Auto               ;
; Shift Register Replacement - Allow Asynchronous Clear Signal     ; On                 ; On                 ;
; Pre-Mapping Resynthesis Optimization                             ; Off                ; Off                ;
; Analysis & Synthesis Message Level                               ; Medium             ; Medium             ;
; Disable Register Merging Across Hierarchies                      ; Auto               ; Auto               ;
; Resource Aware Inference For Block RAM                           ; On                 ; On                 ;
+------------------------------------------------------------------+--------------------+--------------------+


+--------------------------------------------------------------------------------------------------------------------+
; Port Connectivity Checks: "slc3:my_slc|ISDU:state_controller"                                                      ;
+----------+--------+----------+-------------------------------------------------------------------------------------+
; Port     ; Type   ; Severity ; Details                                                                             ;
+----------+--------+----------+-------------------------------------------------------------------------------------+
; BEN      ; Input  ; Info     ; Stuck at GND                                                                        ;
; LD_BEN   ; Output ; Info     ; Connected to dangling logic. Logic that only feeds a dangling port will be removed. ;
; LD_CC    ; Output ; Info     ; Connected to dangling logic. Logic that only feeds a dangling port will be removed. ;
; LD_REG   ; Output ; Info     ; Connected to dangling logic. Logic that only feeds a dangling port will be removed. ;
; LD_LED   ; Output ; Info     ; Connected to dangling logic. Logic that only feeds a dangling port will be removed. ;
; DRMUX    ; Output ; Info     ; Connected to dangling logic. Logic that only feeds a dangling port will be removed. ;
; SR1MUX   ; Output ; Info     ; Connected to dangling logic. Logic that only feeds a dangling port will be removed. ;
; SR2MUX   ; Output ; Info     ; Connected to dangling logic. Logic that only feeds a dangling port will be removed. ;
; ADDR1MUX ; Output ; Info     ; Connected to dangling logic. Logic that only feeds a dangling port will be removed. ;
; ADDR2MUX ; Output ; Info     ; Connected to dangling logic. Logic that only feeds a dangling port will be removed. ;
; ALUK     ; Output ; Info     ; Connected to dangling logic. Logic that only feeds a dangling port will be removed. ;
+----------+--------+----------+-------------------------------------------------------------------------------------+


+------------------------------------------------------------------------------------------------------------------------+
; Port Connectivity Checks: "slc3:my_slc|Mem2IO:memory_subsystem"                                                        ;
+--------------+--------+----------+-------------------------------------------------------------------------------------+
; Port         ; Type   ; Severity ; Details                                                                             ;
+--------------+--------+----------+-------------------------------------------------------------------------------------+
; ADDR[19..16] ; Input  ; Info     ; Stuck at GND                                                                        ;
; HEX0         ; Output ; Info     ; Connected to dangling logic. Logic that only feeds a dangling port will be removed. ;
; HEX1         ; Output ; Info     ; Connected to dangling logic. Logic that only feeds a dangling port will be removed. ;
; HEX2         ; Output ; Info     ; Connected to dangling logic. Logic that only feeds a dangling port will be removed. ;
; HEX3         ; Output ; Info     ; Connected to dangling logic. Logic that only feeds a dangling port will be removed. ;
+--------------+--------+----------+-------------------------------------------------------------------------------------+


+---------------------------------+
; Analysis & Elaboration Messages ;
+---------------------------------+
Info: *******************************************************************
Info: Running Quartus Prime Analysis & Elaboration
    Info: Version 18.1.0 Build 625 09/12/2018 SJ Lite Edition
    Info: Processing started: Sun Feb 17 19:33:04 2019
Info: Command: quartus_map --read_settings_files=on --write_settings_files=off lab6 -c lab6 --analysis_and_elaboration
Warning (18236): Number of processors has not been specified which may cause overloading on shared machines.  Set the global assignment NUM_PARALLEL_PROCESSORS in your QSF to an appropriate value for best performance.
Info (20030): Parallel compilation is enabled and will use 4 of the 4 processors detected
Info (12021): Found 1 design units, including 1 entities, in source file /385lab/lab5/hexdriver.sv
    Info (12023): Found entity 1: HexDriver File: D:/385lab/lab5/HexDriver.sv Line: 1
Info (12021): Found 1 design units, including 1 entities, in source file updated_ece385_lab6_provided_spring_2018/tristate.sv
    Info (12023): Found entity 1: tristate File: D:/385lab/lab6/Updated_ECE385_lab6_provided_Spring_2018/tristate.sv Line: 16
Info (12021): Found 1 design units, including 1 entities, in source file updated_ece385_lab6_provided_spring_2018/test_memory.sv
    Info (12023): Found entity 1: test_memory File: D:/385lab/lab6/Updated_ECE385_lab6_provided_Spring_2018/test_memory.sv Line: 22
Info (12021): Found 1 design units, including 0 entities, in source file updated_ece385_lab6_provided_spring_2018/slc3_2.sv
    Info (12022): Found design unit 1: SLC3_2 (SystemVerilog) File: D:/385lab/lab6/Updated_ECE385_lab6_provided_Spring_2018/SLC3_2.sv Line: 24
Info (12021): Found 1 design units, including 1 entities, in source file updated_ece385_lab6_provided_spring_2018/slc3.sv
    Info (12023): Found entity 1: slc3 File: D:/385lab/lab6/Updated_ECE385_lab6_provided_Spring_2018/slc3.sv Line: 19
Info (12021): Found 1 design units, including 1 entities, in source file updated_ece385_lab6_provided_spring_2018/memory_contents.sv
    Info (12023): Found entity 1: memory_parser File: D:/385lab/lab6/Updated_ECE385_lab6_provided_Spring_2018/memory_contents.sv Line: 16
Info (12021): Found 1 design units, including 1 entities, in source file updated_ece385_lab6_provided_spring_2018/mem2io.sv
    Info (12023): Found entity 1: Mem2IO File: D:/385lab/lab6/Updated_ECE385_lab6_provided_Spring_2018/Mem2IO.sv Line: 16
Info (12021): Found 1 design units, including 1 entities, in source file updated_ece385_lab6_provided_spring_2018/lab6_toplevel.sv
    Info (12023): Found entity 1: lab6_toplevel File: D:/385lab/lab6/Updated_ECE385_lab6_provided_Spring_2018/lab6_toplevel.sv Line: 12
Info (12021): Found 1 design units, including 1 entities, in source file updated_ece385_lab6_provided_spring_2018/isdu.sv
    Info (12023): Found entity 1: ISDU File: D:/385lab/lab6/Updated_ECE385_lab6_provided_Spring_2018/ISDU.sv Line: 19
Info (12021): Found 1 design units, including 1 entities, in source file updated_ece385_lab6_provided_spring_2018/ir.sv
    Info (12023): Found entity 1: IR_chip File: D:/385lab/lab6/Updated_ECE385_lab6_provided_Spring_2018/IR.sv Line: 1
Info (12021): Found 1 design units, including 1 entities, in source file updated_ece385_lab6_provided_spring_2018/mar.sv
    Info (12023): Found entity 1: MAR_chip File: D:/385lab/lab6/Updated_ECE385_lab6_provided_Spring_2018/MAR.sv Line: 1
Info (12021): Found 1 design units, including 1 entities, in source file updated_ece385_lab6_provided_spring_2018/mdr.sv
    Info (12023): Found entity 1: MDR_chip File: D:/385lab/lab6/Updated_ECE385_lab6_provided_Spring_2018/MDR.sv Line: 1
Info (12021): Found 3 design units, including 3 entities, in source file updated_ece385_lab6_provided_spring_2018/pc.sv
    Info (12023): Found entity 1: Program_Counter File: D:/385lab/lab6/Updated_ECE385_lab6_provided_Spring_2018/PC.sv Line: 1
    Info (12023): Found entity 2: PC_chip File: D:/385lab/lab6/Updated_ECE385_lab6_provided_Spring_2018/PC.sv Line: 16
    Info (12023): Found entity 3: PC_MUX File: D:/385lab/lab6/Updated_ECE385_lab6_provided_Spring_2018/PC.sv Line: 41
Info (12021): Found 1 design units, including 1 entities, in source file updated_ece385_lab6_provided_spring_2018/alu.sv
    Info (12023): Found entity 1: ALU File: D:/385lab/lab6/Updated_ECE385_lab6_provided_Spring_2018/ALU.sv Line: 1
Info (12021): Found 1 design units, including 1 entities, in source file updated_ece385_lab6_provided_spring_2018/bus.sv
    Info (12023): Found entity 1: bus File: D:/385lab/lab6/Updated_ECE385_lab6_provided_Spring_2018/bus.sv Line: 1
Info (12021): Found 1 design units, including 1 entities, in source file updated_ece385_lab6_provided_spring_2018/datapath.sv
    Info (12023): Found entity 1: datapath File: D:/385lab/lab6/Updated_ECE385_lab6_provided_Spring_2018/datapath.sv Line: 1
Info (12021): Found 1 design units, including 1 entities, in source file updated_ece385_lab6_provided_spring_2018/testbench.sv
    Info (12023): Found entity 1: testbench File: D:/385lab/lab6/Updated_ECE385_lab6_provided_Spring_2018/testbench.sv Line: 1
Info (12127): Elaborating entity "lab6_toplevel" for the top level hierarchy
Info (12128): Elaborating entity "slc3" for hierarchy "slc3:my_slc" File: D:/385lab/lab6/Updated_ECE385_lab6_provided_Spring_2018/lab6_toplevel.sv Line: 20
Warning (10036): Verilog HDL or VHDL warning at slc3.sv(42): object "MIO_EN" assigned a value but never read File: D:/385lab/lab6/Updated_ECE385_lab6_provided_Spring_2018/slc3.sv Line: 42
Warning (10030): Net "BEN" at slc3.sv(37) has no driver or initial value, using a default initial value '0' File: D:/385lab/lab6/Updated_ECE385_lab6_provided_Spring_2018/slc3.sv Line: 37
Warning (10034): Output port "LED" at slc3.sv(22) has no driver File: D:/385lab/lab6/Updated_ECE385_lab6_provided_Spring_2018/slc3.sv Line: 22
Info (12128): Elaborating entity "HexDriver" for hierarchy "slc3:my_slc|HexDriver:hex_driver3" File: D:/385lab/lab6/Updated_ECE385_lab6_provided_Spring_2018/slc3.sv Line: 52
Info (12128): Elaborating entity "datapath" for hierarchy "slc3:my_slc|datapath:d0" File: D:/385lab/lab6/Updated_ECE385_lab6_provided_Spring_2018/slc3.sv Line: 77
Info (12128): Elaborating entity "bus" for hierarchy "slc3:my_slc|datapath:d0|bus:b" File: D:/385lab/lab6/Updated_ECE385_lab6_provided_Spring_2018/datapath.sv Line: 10
Info (10264): Verilog HDL Case Statement information at bus.sv(14): all case item expressions in this case statement are onehot File: D:/385lab/lab6/Updated_ECE385_lab6_provided_Spring_2018/bus.sv Line: 14
Info (12128): Elaborating entity "Program_Counter" for hierarchy "slc3:my_slc|datapath:d0|Program_Counter:pc" File: D:/385lab/lab6/Updated_ECE385_lab6_provided_Spring_2018/datapath.sv Line: 11
Info (12128): Elaborating entity "PC_MUX" for hierarchy "slc3:my_slc|datapath:d0|Program_Counter:pc|PC_MUX:p_mux" File: D:/385lab/lab6/Updated_ECE385_lab6_provided_Spring_2018/PC.sv Line: 8
Warning (10230): Verilog HDL assignment warning at PC.sv(49): truncated value with size 32 to match size of target (16) File: D:/385lab/lab6/Updated_ECE385_lab6_provided_Spring_2018/PC.sv Line: 49
Info (12128): Elaborating entity "PC_chip" for hierarchy "slc3:my_slc|datapath:d0|Program_Counter:pc|PC_chip:chip" File: D:/385lab/lab6/Updated_ECE385_lab6_provided_Spring_2018/PC.sv Line: 9
Info (12128): Elaborating entity "IR_chip" for hierarchy "slc3:my_slc|datapath:d0|IR_chip:ir" File: D:/385lab/lab6/Updated_ECE385_lab6_provided_Spring_2018/datapath.sv Line: 12
Info (12128): Elaborating entity "MAR_chip" for hierarchy "slc3:my_slc|datapath:d0|MAR_chip:mar" File: D:/385lab/lab6/Updated_ECE385_lab6_provided_Spring_2018/datapath.sv Line: 13
Info (12128): Elaborating entity "MDR_chip" for hierarchy "slc3:my_slc|datapath:d0|MDR_chip:mdr" File: D:/385lab/lab6/Updated_ECE385_lab6_provided_Spring_2018/datapath.sv Line: 14
Info (12128): Elaborating entity "Mem2IO" for hierarchy "slc3:my_slc|Mem2IO:memory_subsystem" File: D:/385lab/lab6/Updated_ECE385_lab6_provided_Spring_2018/slc3.sv Line: 85
Info (12128): Elaborating entity "tristate" for hierarchy "slc3:my_slc|tristate:tr0" File: D:/385lab/lab6/Updated_ECE385_lab6_provided_Spring_2018/slc3.sv Line: 90
Info (12128): Elaborating entity "ISDU" for hierarchy "slc3:my_slc|ISDU:state_controller" File: D:/385lab/lab6/Updated_ECE385_lab6_provided_Spring_2018/slc3.sv Line: 97
Info (12128): Elaborating entity "test_memory" for hierarchy "test_memory:my_test_memory" File: D:/385lab/lab6/Updated_ECE385_lab6_provided_Spring_2018/lab6_toplevel.sv Line: 24
Warning (10036): Verilog HDL or VHDL warning at test_memory.sv(42): object "actual_address" assigned a value but never read File: D:/385lab/lab6/Updated_ECE385_lab6_provided_Spring_2018/test_memory.sv Line: 42
Info (12128): Elaborating entity "memory_parser" for hierarchy "test_memory:my_test_memory|memory_parser:parser" File: D:/385lab/lab6/Updated_ECE385_lab6_provided_Spring_2018/test_memory.sv Line: 48
Info (144001): Generated suppressed messages file D:/385lab/lab6/output_files/lab6.map.smsg
Info: Quartus Prime Analysis & Elaboration was successful. 0 errors, 6 warnings
    Info: Peak virtual memory: 4734 megabytes
    Info: Processing ended: Sun Feb 17 19:33:16 2019
    Info: Elapsed time: 00:00:12
    Info: Total CPU time (on all processors): 00:00:25


+--------------------------------------------+
; Analysis & Elaboration Suppressed Messages ;
+--------------------------------------------+
The suppressed messages can be found in D:/385lab/lab6/output_files/lab6.map.smsg.


