23:06:57 **** Incremental Build of configuration Nios II for project final_proj_bsp ****
make all 
[BSP build complete]
23:07:26 **** Incremental Build of configuration Nios II for project final_proj ****
make all 
Info: Building ../final_proj_bsp/
C:/intelFPGA_lite/18.1/nios2eds/bin/gnu/H-x86_64-mingw32/bin/make --no-print-directory -C ../final_proj_bsp/
[BSP build complete]
[final_proj build complete]
23:07:27 **** Incremental Build of configuration Nios II for project final_proj_bsp ****
make all 
[BSP build complete]
23:08:54 **** Incremental Build of configuration Nios II for project final_proj ****
make all 
Info: Building ../final_proj_bsp/
C:/intelFPGA_lite/18.1/nios2eds/bin/gnu/H-x86_64-mingw32/bin/make --no-print-directory -C ../final_proj_bsp/
[BSP build complete]
[final_proj build complete]
23:08:56 **** Incremental Build of configuration Nios II for project final_proj_bsp ****
make all 
[BSP build complete]
23:09:36 **** Incremental Build of configuration Nios II for project final_proj ****
make all 
Info: Building ../final_proj_bsp/
C:/intelFPGA_lite/18.1/nios2eds/bin/gnu/H-x86_64-mingw32/bin/make --no-print-directory -C ../final_proj_bsp/
[BSP build complete]
[final_proj build complete]
23:11:03 **** Incremental Build of configuration Nios II for project final_proj ****
make all 
Info: Building ../final_proj_bsp/
C:/intelFPGA_lite/18.1/nios2eds/bin/gnu/H-x86_64-mingw32/bin/make --no-print-directory -C ../final_proj_bsp/
[BSP build complete]
[final_proj build complete]
23:49:19 **** Incremental Build of configuration Nios II for project final_proj ****
make all 
Info: Building ../final_proj_bsp/
C:/intelFPGA_lite/18.1/nios2eds/bin/gnu/H-x86_64-mingw32/bin/make --no-print-directory -C ../final_proj_bsp/
[BSP build complete]
[final_proj build complete]
23:49:21 **** Incremental Build of configuration Nios II for project final_proj_bsp ****
make all 
[BSP build complete]
23:50:54 **** Incremental Build of configuration Nios II for project final_proj ****
make all 
Info: Building ../final_proj_bsp/
C:/intelFPGA_lite/18.1/nios2eds/bin/gnu/H-x86_64-mingw32/bin/make --no-print-directory -C ../final_proj_bsp/
[BSP build complete]
[final_proj build complete]
23:50:56 **** Incremental Build of configuration Nios II for project final_proj_bsp ****
make all 
[BSP build complete]
23:51:53 **** Incremental Build of configuration Nios II for project final_proj ****
make all 
Info: Building ../final_proj_bsp/
C:/intelFPGA_lite/18.1/nios2eds/bin/gnu/H-x86_64-mingw32/bin/make --no-print-directory -C ../final_proj_bsp/
[BSP build complete]
[final_proj build complete]
23:52:43 **** Incremental Build of configuration Nios II for project final_proj ****
make all 
Info: Building ../final_proj_bsp/
C:/intelFPGA_lite/18.1/nios2eds/bin/gnu/H-x86_64-mingw32/bin/make --no-print-directory -C ../final_proj_bsp/
[BSP build complete]
[final_proj build complete]
23:53:36 **** Incremental Build of configuration Nios II for project final_proj ****
make all 
Info: Building ../final_proj_bsp/
C:/intelFPGA_lite/18.1/nios2eds/bin/gnu/H-x86_64-mingw32/bin/make --no-print-directory -C ../final_proj_bsp/
[BSP build complete]
[final_proj build complete]
23:56:58 **** Incremental Build of configuration Nios II for project final_proj ****
make all 
Info: Building ../final_proj_bsp/
C:/intelFPGA_lite/18.1/nios2eds/bin/gnu/H-x86_64-mingw32/bin/make --no-print-directory -C ../final_proj_bsp/
[BSP build complete]
[final_proj build complete]
23:57:46 **** Incremental Build of configuration Nios II for project final_proj ****
make all 
Info: Building ../final_proj_bsp/
C:/intelFPGA_lite/18.1/nios2eds/bin/gnu/H-x86_64-mingw32/bin/make --no-print-directory -C ../final_proj_bsp/
[BSP build complete]
[final_proj build complete]
23:58:38 **** Incremental Build of configuration Nios II for project final_proj ****
make all 
Info: Building ../final_proj_bsp/
C:/intelFPGA_lite/18.1/nios2eds/bin/gnu/H-x86_64-mingw32/bin/make --no-print-directory -C ../final_proj_bsp/
[BSP build complete]
[final_proj build complete]
23:58:40 **** Incremental Build of configuration Nios II for project final_proj_bsp ****
make all 
[BSP build complete]
23:58:47 **** Incremental Build of configuration Nios II for project final_proj ****
make all 
Info: Building ../final_proj_bsp/
C:/intelFPGA_lite/18.1/nios2eds/bin/gnu/H-x86_64-mingw32/bin/make --no-print-directory -C ../final_proj_bsp/
[BSP build complete]
[final_proj build complete]
23:59:39 **** Incremental Build of configuration Nios II for project final_proj ****
make all 
Info: Building ../final_proj_bsp/
C:/intelFPGA_lite/18.1/nios2eds/bin/gnu/H-x86_64-mingw32/bin/make --no-print-directory -C ../final_proj_bsp/
[BSP build complete]
[final_proj build complete]
00:01:48 **** Incremental Build of configuration Nios II for project final_proj ****
make all 
Info: Building ../final_proj_bsp/
C:/intelFPGA_lite/18.1/nios2eds/bin/gnu/H-x86_64-mingw32/bin/make --no-print-directory -C ../final_proj_bsp/
[BSP build complete]
[final_proj build complete]
00:01:50 **** Incremental Build of configuration Nios II for project final_proj_bsp ****
make all 
[BSP build complete]
00:02:38 **** Incremental Build of configuration Nios II for project final_proj ****
make all 
Info: Building ../final_proj_bsp/
C:/intelFPGA_lite/18.1/nios2eds/bin/gnu/H-x86_64-mingw32/bin/make --no-print-directory -C ../final_proj_bsp/
[BSP build complete]
[final_proj build complete]
00:02:40 **** Incremental Build of configuration Nios II for project final_proj_bsp ****
make all 
[BSP build complete]
00:03:15 **** Incremental Build of configuration Nios II for project final_proj ****
make all 
Info: Building ../final_proj_bsp/
C:/intelFPGA_lite/18.1/nios2eds/bin/gnu/H-x86_64-mingw32/bin/make --no-print-directory -C ../final_proj_bsp/
[BSP build complete]
[final_proj build complete]
00:03:59 **** Incremental Build of configuration Nios II for project final_proj ****
make all 
Info: Building ../final_proj_bsp/
C:/intelFPGA_lite/18.1/nios2eds/bin/gnu/H-x86_64-mingw32/bin/make --no-print-directory -C ../final_proj_bsp/
[BSP build complete]
[final_proj build complete]
00:45:08 **** Incremental Build of configuration Nios II for project final_proj ****
make all 
Info: Building ../final_proj_bsp/
C:/intelFPGA_lite/18.1/nios2eds/bin/gnu/H-x86_64-mingw32/bin/make --no-print-directory -C ../final_proj_bsp/
[BSP build complete]
[final_proj build complete]
00:45:10 **** Incremental Build of configuration Nios II for project final_proj_bsp ****
make all 
[BSP build complete]
00:45:15 **** Incremental Build of configuration Nios II for project final_proj ****
make all 
Info: Building ../final_proj_bsp/
C:/intelFPGA_lite/18.1/nios2eds/bin/gnu/H-x86_64-mingw32/bin/make --no-print-directory -C ../final_proj_bsp/
[BSP build complete]
[final_proj build complete]
00:46:02 **** Incremental Build of configuration Nios II for project final_proj ****
make all 
Info: Building ../final_proj_bsp/
C:/intelFPGA_lite/18.1/nios2eds/bin/gnu/H-x86_64-mingw32/bin/make --no-print-directory -C ../final_proj_bsp/
[BSP build complete]
[final_proj build complete]
01:17:00 **** Incremental Build of configuration Nios II for project final_proj ****
make all 
Info: Building ../final_proj_bsp/
C:/intelFPGA_lite/18.1/nios2eds/bin/gnu/H-x86_64-mingw32/bin/make --no-print-directory -C ../final_proj_bsp/
[BSP build complete]
[final_proj build complete]
01:17:03 **** Incremental Build of configuration Nios II for project final_proj_bsp ****
make all 
[BSP build complete]
01:17:31 **** Incremental Build of configuration Nios II for project final_proj ****
make all 
Info: Building ../final_proj_bsp/
C:/intelFPGA_lite/18.1/nios2eds/bin/gnu/H-x86_64-mingw32/bin/make --no-print-directory -C ../final_proj_bsp/
[BSP build complete]
[final_proj build complete]
01:18:24 **** Incremental Build of configuration Nios II for project final_proj ****
make all 
Info: Building ../final_proj_bsp/
C:/intelFPGA_lite/18.1/nios2eds/bin/gnu/H-x86_64-mingw32/bin/make --no-print-directory -C ../final_proj_bsp/
[BSP build complete]
[final_proj build complete]
01:19:25 **** Incremental Build of configuration Nios II for project final_proj ****
make all 
Info: Building ../final_proj_bsp/
C:/intelFPGA_lite/18.1/nios2eds/bin/gnu/H-x86_64-mingw32/bin/make --no-print-directory -C ../final_proj_bsp/
[BSP build complete]
[final_proj build complete]
01:49:32 **** Incremental Build of configuration Nios II for project final_proj ****
make all 
Info: Building ../final_proj_bsp/
C:/intelFPGA_lite/18.1/nios2eds/bin/gnu/H-x86_64-mingw32/bin/make --no-print-directory -C ../final_proj_bsp/
[BSP build complete]
[final_proj build complete]
01:49:35 **** Incremental Build of configuration Nios II for project final_proj_bsp ****
make all 
[BSP build complete]
01:50:03 **** Incremental Build of configuration Nios II for project final_proj ****
make all 
Info: Building ../final_proj_bsp/
C:/intelFPGA_lite/18.1/nios2eds/bin/gnu/H-x86_64-mingw32/bin/make --no-print-directory -C ../final_proj_bsp/
[BSP build complete]
[final_proj build complete]
02:36:29 **** Incremental Build of configuration Nios II for project final_proj ****
make all 
Info: Building ../final_proj_bsp/
C:/intelFPGA_lite/18.1/nios2eds/bin/gnu/H-x86_64-mingw32/bin/make --no-print-directory -C ../final_proj_bsp/
[BSP build complete]
[final_proj build complete]
02:36:34 **** Incremental Build of configuration Nios II for project final_proj_bsp ****
make all 
[BSP build complete]
02:37:18 **** Incremental Build of configuration Nios II for project final_proj ****
make all 
Info: Building ../final_proj_bsp/
C:/intelFPGA_lite/18.1/nios2eds/bin/gnu/H-x86_64-mingw32/bin/make --no-print-directory -C ../final_proj_bsp/
[BSP build complete]
[final_proj build complete]
03:11:24 **** Incremental Build of configuration Nios II for project final_proj ****
make all 
Info: Building ../final_proj_bsp/
C:/intelFPGA_lite/18.1/nios2eds/bin/gnu/H-x86_64-mingw32/bin/make --no-print-directory -C ../final_proj_bsp/
[BSP build complete]
[final_proj build complete]
03:11:26 **** Incremental Build of configuration Nios II for project final_proj_bsp ****
make all 
[BSP build complete]
03:12:53 **** Incremental Build of configuration Nios II for project final_proj ****
make all 
Info: Building ../final_proj_bsp/
C:/intelFPGA_lite/18.1/nios2eds/bin/gnu/H-x86_64-mingw32/bin/make --no-print-directory -C ../final_proj_bsp/
[BSP build complete]
[final_proj build complete]
03:12:55 **** Incremental Build of configuration Nios II for project final_proj_bsp ****
make all 
[BSP build complete]
03:14:32 **** Incremental Build of configuration Nios II for project final_proj ****
make all 
Info: Building ../final_proj_bsp/
C:/intelFPGA_lite/18.1/nios2eds/bin/gnu/H-x86_64-mingw32/bin/make --no-print-directory -C ../final_proj_bsp/
[BSP build complete]
[final_proj build complete]
03:14:34 **** Incremental Build of configuration Nios II for project final_proj_bsp ****
make all 
[BSP build complete]
03:15:08 **** Incremental Build of configuration Nios II for project final_proj ****
make all 
Info: Building ../final_proj_bsp/
C:/intelFPGA_lite/18.1/nios2eds/bin/gnu/H-x86_64-mingw32/bin/make --no-print-directory -C ../final_proj_bsp/
[BSP build complete]
[final_proj build complete]
03:15:55 **** Incremental Build of configuration Nios II for project final_proj ****
make all 
Info: Building ../final_proj_bsp/
C:/intelFPGA_lite/18.1/nios2eds/bin/gnu/H-x86_64-mingw32/bin/make --no-print-directory -C ../final_proj_bsp/
[BSP build complete]
[final_proj build complete]
03:31:11 **** Incremental Build of configuration Nios II for project final_proj ****
make all 
Info: Building ../final_proj_bsp/
C:/intelFPGA_lite/18.1/nios2eds/bin/gnu/H-x86_64-mingw32/bin/make --no-print-directory -C ../final_proj_bsp/
[BSP build complete]
[final_proj build complete]
03:31:13 **** Incremental Build of configuration Nios II for project final_proj_bsp ****
make all 
[BSP build complete]
03:31:40 **** Incremental Build of configuration Nios II for project final_proj ****
make all 
Info: Building ../final_proj_bsp/
C:/intelFPGA_lite/18.1/nios2eds/bin/gnu/H-x86_64-mingw32/bin/make --no-print-directory -C ../final_proj_bsp/
[BSP build complete]
[final_proj build complete]
03:44:46 **** Incremental Build of configuration Nios II for project final_proj ****
make all 
Info: Building ../final_proj_bsp/
C:/intelFPGA_lite/18.1/nios2eds/bin/gnu/H-x86_64-mingw32/bin/make --no-print-directory -C ../final_proj_bsp/
[BSP build complete]
[final_proj build complete]
03:44:48 **** Incremental Build of configuration Nios II for project final_proj_bsp ****
make all 
[BSP build complete]
03:45:19 **** Incremental Build of configuration Nios II for project final_proj ****
make all 
Info: Building ../final_proj_bsp/
C:/intelFPGA_lite/18.1/nios2eds/bin/gnu/H-x86_64-mingw32/bin/make --no-print-directory -C ../final_proj_bsp/
[BSP build complete]
[final_proj build complete]
03:46:04 **** Incremental Build of configuration Nios II for project final_proj ****
make all 
Info: Building ../final_proj_bsp/
C:/intelFPGA_lite/18.1/nios2eds/bin/gnu/H-x86_64-mingw32/bin/make --no-print-directory -C ../final_proj_bsp/
[BSP build complete]
[final_proj build complete]
03:46:49 **** Incremental Build of configuration Nios II for project final_proj ****
make all 
Info: Building ../final_proj_bsp/
C:/intelFPGA_lite/18.1/nios2eds/bin/gnu/H-x86_64-mingw32/bin/make --no-print-directory -C ../final_proj_bsp/
[BSP build complete]
[final_proj build complete]
03:47:39 **** Incremental Build of configuration Nios II for project final_proj ****
make all 
Info: Building ../final_proj_bsp/
C:/intelFPGA_lite/18.1/nios2eds/bin/gnu/H-x86_64-mingw32/bin/make --no-print-directory -C ../final_proj_bsp/
[BSP build complete]
[final_proj build complete]
04:03:39 **** Incremental Build of configuration Nios II for project final_proj ****
make all 
Info: Building ../final_proj_bsp/
C:/intelFPGA_lite/18.1/nios2eds/bin/gnu/H-x86_64-mingw32/bin/make --no-print-directory -C ../final_proj_bsp/
[BSP build complete]
[final_proj build complete]
04:03:42 **** Incremental Build of configuration Nios II for project final_proj_bsp ****
make all 
[BSP build complete]
04:03:50 **** Incremental Build of configuration Nios II for project final_proj ****
make all 
Info: Building ../final_proj_bsp/
C:/intelFPGA_lite/18.1/nios2eds/bin/gnu/H-x86_64-mingw32/bin/make --no-print-directory -C ../final_proj_bsp/
[BSP build complete]
[final_proj build complete]
04:03:52 **** Incremental Build of configuration Nios II for project final_proj_bsp ****
make all 
[BSP build complete]
04:04:42 **** Incremental Build of configuration Nios II for project final_proj ****
make all 
Info: Building ../final_proj_bsp/
C:/intelFPGA_lite/18.1/nios2eds/bin/gnu/H-x86_64-mingw32/bin/make --no-print-directory -C ../final_proj_bsp/
[BSP build complete]
[final_proj build complete]
04:04:44 **** Incremental Build of configuration Nios II for project final_proj_bsp ****
make all 
[BSP build complete]
04:05:17 **** Incremental Build of configuration Nios II for project final_proj ****
make all 
Info: Building ../final_proj_bsp/
C:/intelFPGA_lite/18.1/nios2eds/bin/gnu/H-x86_64-mingw32/bin/make --no-print-directory -C ../final_proj_bsp/
[BSP build complete]
[final_proj build complete]
04:06:06 **** Incremental Build of configuration Nios II for project final_proj ****
make all 
Info: Building ../final_proj_bsp/
C:/intelFPGA_lite/18.1/nios2eds/bin/gnu/H-x86_64-mingw32/bin/make --no-print-directory -C ../final_proj_bsp/
[BSP build complete]
[final_proj build complete]
04:36:30 **** Build of configuration Nios II for project final_proj ****
make all 
Info: Building ../final_proj_bsp/
C:/intelFPGA_lite/18.1/nios2eds/bin/gnu/H-x86_64-mingw32/bin/make --no-print-directory -C ../final_proj_bsp/
[BSP build complete]
[final_proj build complete]
04:36:33 **** Build of configuration Nios II for project final_proj_bsp ****
make all 
[BSP build complete]
04:36:56 **** Incremental Build of configuration Nios II for project final_proj ****
make all 
Info: Building ../final_proj_bsp/
C:/intelFPGA_lite/18.1/nios2eds/bin/gnu/H-x86_64-mingw32/bin/make --no-print-directory -C ../final_proj_bsp/
[BSP build complete]
[final_proj build complete]
04:37:46 **** Incremental Build of configuration Nios II for project final_proj ****
make all 
Info: Building ../final_proj_bsp/
C:/intelFPGA_lite/18.1/nios2eds/bin/gnu/H-x86_64-mingw32/bin/make --no-print-directory -C ../final_proj_bsp/
[BSP build complete]
[final_proj build complete]
04:38:34 **** Incremental Build of configuration Nios II for project final_proj ****
make all 
Info: Building ../final_proj_bsp/
C:/intelFPGA_lite/18.1/nios2eds/bin/gnu/H-x86_64-mingw32/bin/make --no-print-directory -C ../final_proj_bsp/
[BSP build complete]
[final_proj build complete]
04:41:25 **** Incremental Build of configuration Nios II for project final_proj ****
make all 
Info: Building ../final_proj_bsp/
C:/intelFPGA_lite/18.1/nios2eds/bin/gnu/H-x86_64-mingw32/bin/make --no-print-directory -C ../final_proj_bsp/
[BSP build complete]
[final_proj build complete]
04:41:27 **** Incremental Build of configuration Nios II for project final_proj_bsp ****
make all 
[BSP build complete]
04:42:07 **** Incremental Build of configuration Nios II for project final_proj ****
make all 
Info: Building ../final_proj_bsp/
C:/intelFPGA_lite/18.1/nios2eds/bin/gnu/H-x86_64-mingw32/bin/make --no-print-directory -C ../final_proj_bsp/
[BSP build complete]
[final_proj build complete]
04:48:25 **** Incremental Build of configuration Nios II for project final_proj ****
make all 
Info: Building ../final_proj_bsp/
C:/intelFPGA_lite/18.1/nios2eds/bin/gnu/H-x86_64-mingw32/bin/make --no-print-directory -C ../final_proj_bsp/
[BSP build complete]
[final_proj build complete]
04:49:21 **** Incremental Build of configuration Nios II for project final_proj ****
make all 
Info: Building ../final_proj_bsp/
C:/intelFPGA_lite/18.1/nios2eds/bin/gnu/H-x86_64-mingw32/bin/make --no-print-directory -C ../final_proj_bsp/
[BSP build complete]
[final_proj build complete]
04:56:04 **** Incremental Build of configuration Nios II for project final_proj ****
make all 
Info: Building ../final_proj_bsp/
C:/intelFPGA_lite/18.1/nios2eds/bin/gnu/H-x86_64-mingw32/bin/make --no-print-directory -C ../final_proj_bsp/
[BSP build complete]
[final_proj build complete]
04:56:07 **** Incremental Build of configuration Nios II for project final_proj_bsp ****
make all 
[BSP build complete]
04:56:49 **** Incremental Build of configuration Nios II for project final_proj ****
make all 
Info: Building ../final_proj_bsp/
C:/intelFPGA_lite/18.1/nios2eds/bin/gnu/H-x86_64-mingw32/bin/make --no-print-directory -C ../final_proj_bsp/
[BSP build complete]
[final_proj build complete]
04:56:51 **** Incremental Build of configuration Nios II for project final_proj_bsp ****
make all 
[BSP build complete]
04:57:20 **** Incremental Build of configuration Nios II for project final_proj ****
make all 
Info: Building ../final_proj_bsp/
C:/intelFPGA_lite/18.1/nios2eds/bin/gnu/H-x86_64-mingw32/bin/make --no-print-directory -C ../final_proj_bsp/
[BSP build complete]
[final_proj build complete]
05:00:51 **** Incremental Build of configuration Nios II for project final_proj ****
make all 
Info: Building ../final_proj_bsp/
C:/intelFPGA_lite/18.1/nios2eds/bin/gnu/H-x86_64-mingw32/bin/make --no-print-directory -C ../final_proj_bsp/
[BSP build complete]
[final_proj build complete]
05:00:52 **** Incremental Build of configuration Nios II for project final_proj_bsp ****
make all 
[BSP build complete]
05:01:01 **** Incremental Build of configuration Nios II for project final_proj ****
make all 
Info: Building ../final_proj_bsp/
C:/intelFPGA_lite/18.1/nios2eds/bin/gnu/H-x86_64-mingw32/bin/make --no-print-directory -C ../final_proj_bsp/
[BSP build complete]
[final_proj build complete]
05:02:18 **** Incremental Build of configuration Nios II for project final_proj ****
make all 
Info: Building ../final_proj_bsp/
C:/intelFPGA_lite/18.1/nios2eds/bin/gnu/H-x86_64-mingw32/bin/make --no-print-directory -C ../final_proj_bsp/
[BSP build complete]
[final_proj build complete]
05:14:34 **** Incremental Build of configuration Nios II for project final_proj ****
make all 
Info: Building ../final_proj_bsp/
C:/intelFPGA_lite/18.1/nios2eds/bin/gnu/H-x86_64-mingw32/bin/make --no-print-directory -C ../final_proj_bsp/
[BSP build complete]
[final_proj build complete]
05:14:36 **** Incremental Build of configuration Nios II for project final_proj_bsp ****
make all 
[BSP build complete]
05:14:58 **** Incremental Build of configuration Nios II for project final_proj ****
make all 
Info: Building ../final_proj_bsp/
C:/intelFPGA_lite/18.1/nios2eds/bin/gnu/H-x86_64-mingw32/bin/make --no-print-directory -C ../final_proj_bsp/
[BSP build complete]
[final_proj build complete]
05:24:36 **** Incremental Build of configuration Nios II for project final_proj ****
make all 
Info: Building ../final_proj_bsp/
C:/intelFPGA_lite/18.1/nios2eds/bin/gnu/H-x86_64-mingw32/bin/make --no-print-directory -C ../final_proj_bsp/
[BSP build complete]
[final_proj build complete]
05:25:33 **** Incremental Build of configuration Nios II for project final_proj ****
make all 
Info: Building ../final_proj_bsp/
C:/intelFPGA_lite/18.1/nios2eds/bin/gnu/H-x86_64-mingw32/bin/make --no-print-directory -C ../final_proj_bsp/
[BSP build complete]
[final_proj build complete]
05:31:34 **** Incremental Build of configuration Nios II for project final_proj ****
make all 
Info: Building ../final_proj_bsp/
C:/intelFPGA_lite/18.1/nios2eds/bin/gnu/H-x86_64-mingw32/bin/make --no-print-directory -C ../final_proj_bsp/
[BSP build complete]
[final_proj build complete]
05:31:36 **** Incremental Build of configuration Nios II for project final_proj_bsp ****
make all 
[BSP build complete]
05:32:39 **** Incremental Build of configuration Nios II for project final_proj ****
make all 
Info: Building ../final_proj_bsp/
C:/intelFPGA_lite/18.1/nios2eds/bin/gnu/H-x86_64-mingw32/bin/make --no-print-directory -C ../final_proj_bsp/
[BSP build complete]
[final_proj build complete]
05:32:41 **** Incremental Build of configuration Nios II for project final_proj_bsp ****
make all 
[BSP build complete]
05:32:58 **** Incremental Build of configuration Nios II for project final_proj ****
make all 
Info: Building ../final_proj_bsp/
C:/intelFPGA_lite/18.1/nios2eds/bin/gnu/H-x86_64-mingw32/bin/make --no-print-directory -C ../final_proj_bsp/
[BSP build complete]
[final_proj build complete]
05:50:48 **** Incremental Build of configuration Nios II for project final_proj ****
make all 
Info: Building ../final_proj_bsp/
C:/intelFPGA_lite/18.1/nios2eds/bin/gnu/H-x86_64-mingw32/bin/make --no-print-directory -C ../final_proj_bsp/
[BSP build complete]
[final_proj build complete]
05:50:50 **** Incremental Build of configuration Nios II for project final_proj_bsp ****
make all 
[BSP build complete]
05:51:51 **** Incremental Build of configuration Nios II for project final_proj ****
make all 
Info: Building ../final_proj_bsp/
C:/intelFPGA_lite/18.1/nios2eds/bin/gnu/H-x86_64-mingw32/bin/make --no-print-directory -C ../final_proj_bsp/
[BSP build complete]
[final_proj build complete]
06:04:37 **** Incremental Build of configuration Nios II for project final_proj ****
make all 
Info: Building ../final_proj_bsp/
C:/intelFPGA_lite/18.1/nios2eds/bin/gnu/H-x86_64-mingw32/bin/make --no-print-directory -C ../final_proj_bsp/
[BSP build complete]
[final_proj build complete]
06:05:38 **** Incremental Build of configuration Nios II for project final_proj ****
make all 
Info: Building ../final_proj_bsp/
C:/intelFPGA_lite/18.1/nios2eds/bin/gnu/H-x86_64-mingw32/bin/make --no-print-directory -C ../final_proj_bsp/
[BSP build complete]
[final_proj build complete]
06:07:50 **** Incremental Build of configuration Nios II for project final_proj ****
make all 
Info: Building ../final_proj_bsp/
C:/intelFPGA_lite/18.1/nios2eds/bin/gnu/H-x86_64-mingw32/bin/make --no-print-directory -C ../final_proj_bsp/
[BSP build complete]
[final_proj build complete]
06:24:04 **** Incremental Build of configuration Nios II for project final_proj ****
make all 
Info: Building ../final_proj_bsp/
C:/intelFPGA_lite/18.1/nios2eds/bin/gnu/H-x86_64-mingw32/bin/make --no-print-directory -C ../final_proj_bsp/
[BSP build complete]
[final_proj build complete]
06:32:01 **** Incremental Build of configuration Nios II for project final_proj ****
make all 
Info: Building ../final_proj_bsp/
C:/intelFPGA_lite/18.1/nios2eds/bin/gnu/H-x86_64-mingw32/bin/make --no-print-directory -C ../final_proj_bsp/
[BSP build complete]
[final_proj build complete]
06:37:29 **** Incremental Build of configuration Nios II for project final_proj ****
make all 
Info: Building ../final_proj_bsp/
C:/intelFPGA_lite/18.1/nios2eds/bin/gnu/H-x86_64-mingw32/bin/make --no-print-directory -C ../final_proj_bsp/
[BSP build complete]
[final_proj build complete]
06:42:54 **** Incremental Build of configuration Nios II for project final_proj ****
make all 
Info: Building ../final_proj_bsp/
C:/intelFPGA_lite/18.1/nios2eds/bin/gnu/H-x86_64-mingw32/bin/make --no-print-directory -C ../final_proj_bsp/
[BSP build complete]
[final_proj build complete]
06:49:38 **** Incremental Build of configuration Nios II for project final_proj ****
make all 
Info: Building ../final_proj_bsp/
C:/intelFPGA_lite/18.1/nios2eds/bin/gnu/H-x86_64-mingw32/bin/make --no-print-directory -C ../final_proj_bsp/
[BSP build complete]
[final_proj build complete]
06:50:08 **** Incremental Build of configuration Nios II for project final_proj ****
make all 
Info: Building ../final_proj_bsp/
C:/intelFPGA_lite/18.1/nios2eds/bin/gnu/H-x86_64-mingw32/bin/make --no-print-directory -C ../final_proj_bsp/
[BSP build complete]
[final_proj build complete]
06:50:43 **** Incremental Build of configuration Nios II for project final_proj ****
make all 
Info: Building ../final_proj_bsp/
C:/intelFPGA_lite/18.1/nios2eds/bin/gnu/H-x86_64-mingw32/bin/make --no-print-directory -C ../final_proj_bsp/
[BSP build complete]
[final_proj build complete]
06:50:45 **** Incremental Build of configuration Nios II for project final_proj_bsp ****
make all 
[BSP build complete]
06:51:11 **** Incremental Build of configuration Nios II for project final_proj ****
make all 
Info: Building ../final_proj_bsp/
C:/intelFPGA_lite/18.1/nios2eds/bin/gnu/H-x86_64-mingw32/bin/make --no-print-directory -C ../final_proj_bsp/
[BSP build complete]
[final_proj build complete]
10:29:59 **** Incremental Build of configuration Nios II for project final_proj ****
make all 
Info: Building ../final_proj_bsp/
C:/intelFPGA_lite/18.1/nios2eds/bin/gnu/H-x86_64-mingw32/bin/make --no-print-directory -C ../final_proj_bsp/
[BSP build complete]
[final_proj build complete]
10:30:43 **** Incremental Build of configuration Nios II for project final_proj ****
make all 
Info: Building ../final_proj_bsp/
C:/intelFPGA_lite/18.1/nios2eds/bin/gnu/H-x86_64-mingw32/bin/make --no-print-directory -C ../final_proj_bsp/
[BSP build complete]
[final_proj build complete]
10:31:33 **** Incremental Build of configuration Nios II for project final_proj ****
make all 
Info: Building ../final_proj_bsp/
C:/intelFPGA_lite/18.1/nios2eds/bin/gnu/H-x86_64-mingw32/bin/make --no-print-directory -C ../final_proj_bsp/
[BSP build complete]
[final_proj build complete]
10:31:35 **** Incremental Build of configuration Nios II for project final_proj_bsp ****
make all 
[BSP build complete]
10:32:18 **** Incremental Build of configuration Nios II for project final_proj ****
make all 
Info: Building ../final_proj_bsp/
C:/intelFPGA_lite/18.1/nios2eds/bin/gnu/H-x86_64-mingw32/bin/make --no-print-directory -C ../final_proj_bsp/
[BSP build complete]
[final_proj build complete]
10:33:50 **** Incremental Build of configuration Nios II for project final_proj ****
make all 
Info: Building ../final_proj_bsp/
C:/intelFPGA_lite/18.1/nios2eds/bin/gnu/H-x86_64-mingw32/bin/make --no-print-directory -C ../final_proj_bsp/
[BSP build complete]
[final_proj build complete]
10:34:08 **** Incremental Build of configuration Nios II for project final_proj ****
make all 
Info: Building ../final_proj_bsp/
C:/intelFPGA_lite/18.1/nios2eds/bin/gnu/H-x86_64-mingw32/bin/make --no-print-directory -C ../final_proj_bsp/
[BSP build complete]
[final_proj build complete]
10:43:49 **** Incremental Build of configuration Nios II for project final_proj ****
make all 
Info: Building ../final_proj_bsp/
C:/intelFPGA_lite/18.1/nios2eds/bin/gnu/H-x86_64-mingw32/bin/make --no-print-directory -C ../final_proj_bsp/
[BSP build complete]
[final_proj build complete]
10:43:51 **** Incremental Build of configuration Nios II for project final_proj_bsp ****
make all 
[BSP build complete]
10:43:55 **** Incremental Build of configuration Nios II for project final_proj ****
make all 
Info: Building ../final_proj_bsp/
C:/intelFPGA_lite/18.1/nios2eds/bin/gnu/H-x86_64-mingw32/bin/make --no-print-directory -C ../final_proj_bsp/
[BSP build complete]
[final_proj build complete]
10:44:46 **** Incremental Build of configuration Nios II for project final_proj ****
make all 
Info: Building ../final_proj_bsp/
C:/intelFPGA_lite/18.1/nios2eds/bin/gnu/H-x86_64-mingw32/bin/make --no-print-directory -C ../final_proj_bsp/
[BSP build complete]
[final_proj build complete]
